<html>
<body>
<pre>
<h1>µVision Build Log</h1>
<h2>Tool Versions:</h2>
IDE-Version: µVision V5.11.2.0
Copyright (C) 2014 ARM Ltd and ARM Germany GmbH. All rights reserved.
License Information: no no, no, LIC=AT28G-VD6PN-94YS2-9T3PI-GX9RS-CXUYD
 
Tool Versions:
Toolchain:       PK51 Prof. Developers Kit  Version: 9.53.0.0
Toolchain Path:  D:\DWIN\Keil_v5\C51\BIN
C Compiler:      C51.exe V9.53.0.0
Assembler:       A51.exe V8.02b
Linker/Locator:  BL51.exe V6.22
Library Manager: LIB51.exe V4.30.0.2
Hex Converter:   OH51.exe V2.7.0.0
CPU DLL:         S8051.DLL V3.95.0.0
Dialog DLL:      DCore51.DLL V2.81.4.0
    Target DLL: DWIN\BIN\ag8051.dll
Dialog DLL:      TCore51.DLL V2.66.2.1
 
<h2>Project:</h2>
D:\Desktop\dwin\dwin\T5L51.uvproj
Project File Date:  10/26/2023

<h2>Output:</h2>
Rebuild target 'Target 1'
assembling STARTUP_M5.A51...
compiling sys.c...
compiling timer.c...
compiling uart.c...
compiling canbus.c...
compiling main.c...
source\ssd2828.h(76): warning C235: parameter 1: different types
source\main.c(84): warning C206: 'draw_vertical_menu': missing function-prototype
source\main.c(93): warning C280: 'x': unreferenced local variable
source\main.c(246): warning C280: 'tp_state': unreferenced local variable
source\main.c(451): warning C280: 'buf_idx': unreferenced local variable
source\main.c(203): warning C290: missing return value
source\main.c(432): warning C294: unreachable code
compiling const.c...
compiling ui.c...
compiling dwin8283.c...
compiling ssd2828.c...
source\ssd2828.h(76): warning C235: parameter 1: different types
compiling temp.c...
source\temp.c(37): error C141: syntax error near 'void'
source\temp.c(38): error C134: '_draw_icons': mspace on function not permitted
source\temp.c(38): error C141: syntax error near '{'
source\temp.c(41): error C136: invalid dimension size: [0]
source\temp.c(41): error C231: 'cmd': redefinition
source\temp.c(42): error C279: 'cmd': multiple initialization
source\temp.c(42): error C202: 'p_menu': undefined identifier
source\temp.c(43): error C231: 'j': redefinition
source\temp.c(43): error C231: 'j': redefinition
source\temp.c(44): error C141: syntax error near 'for'
source\temp.c(44): error C141: syntax error near '=', expected ')'
source\temp.c(44): error C129: missing ';' before '<'
Target not created.
</pre>
</body>
</html>
